This is pdfTeX, Version 3.141592653-2.6-1.40.22 (TeX Live 2021/W32TeX) (preloaded format=pdflatex 2021.5.29)  5 SEP 2021 10:16
entering extended mode
 restricted \write18 enabled.
 %&-line parsing enabled.
**report.tex
(./report.tex
LaTeX2e <2020-10-01> patch level 4
L3 programming layer <2021-02-18>
(c:/Texlive/2021/texmf-dist/tex/latex/base/report.cls
Document Class: report 2020/04/10 v1.4m Standard LaTeX document class
(c:/Texlive/2021/texmf-dist/tex/latex/base/size12.clo
File: size12.clo 2020/04/10 v1.4m Standard LaTeX file (size option)
)
\c@part=\count179
\c@chapter=\count180
\c@section=\count181
\c@subsection=\count182
\c@subsubsection=\count183
\c@paragraph=\count184
\c@subparagraph=\count185
\c@figure=\count186
\c@table=\count187
\abovecaptionskip=\skip47
\belowcaptionskip=\skip48
\bibindent=\dimen138
)
(c:/Texlive/2021/texmf-dist/tex/latex/geometry/geometry.sty
Package: geometry 2020/01/02 v5.9 Page Geometry

(c:/Texlive/2021/texmf-dist/tex/latex/graphics/keyval.sty
Package: keyval 2014/10/28 v1.15 key=value parser (DPC)
\KV@toks@=\toks15
)
(c:/Texlive/2021/texmf-dist/tex/generic/iftex/ifvtex.sty
Package: ifvtex 2019/10/25 v1.7 ifvtex legacy package. Use iftex instead.

(c:/Texlive/2021/texmf-dist/tex/generic/iftex/iftex.sty
Package: iftex 2020/03/06 v1.0d TeX engine tests
))
\Gm@cnth=\count188
\Gm@cntv=\count189
\c@Gm@tempcnt=\count190
\Gm@bindingoffset=\dimen139
\Gm@wd@mp=\dimen140
\Gm@odd@mp=\dimen141
\Gm@even@mp=\dimen142
\Gm@layoutwidth=\dimen143
\Gm@layoutheight=\dimen144
\Gm@layouthoffset=\dimen145
\Gm@layoutvoffset=\dimen146
\Gm@dimlist=\toks16
)
(c:/Texlive/2021/texmf-dist/tex/latex/graphics/graphicx.sty
Package: graphicx 2020/09/09 v1.2b Enhanced LaTeX Graphics (DPC,SPQR)

(c:/Texlive/2021/texmf-dist/tex/latex/graphics/graphics.sty
Package: graphics 2020/08/30 v1.4c Standard LaTeX Graphics (DPC,SPQR)

(c:/Texlive/2021/texmf-dist/tex/latex/graphics/trig.sty
Package: trig 2016/01/03 v1.10 sin cos tan (DPC)
)
(c:/Texlive/2021/texmf-dist/tex/latex/graphics-cfg/graphics.cfg
File: graphics.cfg 2016/06/04 v1.11 sample graphics configuration
)
Package graphics Info: Driver file: pdftex.def on input line 105.

(c:/Texlive/2021/texmf-dist/tex/latex/graphics-def/pdftex.def
File: pdftex.def 2020/10/05 v1.2a Graphics/color driver for pdftex
))
\Gin@req@height=\dimen147
\Gin@req@width=\dimen148
)
(c:/Texlive/2021/texmf-dist/tex/latex/url/url.sty
\Urlmuskip=\muskip16
Package: url 2013/09/16  ver 3.4  Verb mode for urls, etc.
)
(c:/Texlive/2021/texmf-dist/tex/latex/tabu/tabu.sty
Package: tabu 2019/01/11 v2.9 - flexible LaTeX tabulars (FC+tabu-fixed)

(c:/Texlive/2021/texmf-dist/tex/latex/tools/array.sty
Package: array 2020/10/01 v2.5c Tabular extension package (FMi)
\col@sep=\dimen149
\ar@mcellbox=\box47
\extrarowheight=\dimen150
\NC@list=\toks17
\extratabsurround=\skip49
\backup@length=\skip50
\ar@cellbox=\box48
)
(c:/Texlive/2021/texmf-dist/tex/latex/varwidth/varwidth.sty
Package: varwidth 2009/03/30 ver 0.92;  Variable-width minipages
\@vwid@box=\box49
\sift@deathcycles=\count191
\@vwid@loff=\dimen151
\@vwid@roff=\dimen152
)
\c@taburow=\count192
\tabu@nbcols=\count193
\tabu@cnt=\count194
\tabu@Xcol=\count195
\tabu@alloc=\count196
\tabu@nested=\count197
\tabu@target=\dimen153
\tabu@spreadtarget=\dimen154
\tabu@naturalX=\dimen155
\tabucolX=\dimen156
\tabu@Xsum=\dimen157
\extrarowdepth=\dimen158
\abovetabulinesep=\dimen159
\belowtabulinesep=\dimen160
\tabustrutrule=\dimen161
\tabu@thebody=\toks18
\tabu@footnotes=\toks19
\tabu@box=\box50
\tabu@arstrutbox=\box51
\tabu@hleads=\box52
\tabu@vleads=\box53
\tabu@cellskip=\skip51
)
(c:/Texlive/2021/texmf-dist/tex/latex/hyperref/hyperref.sty
Package: hyperref 2021-02-27 v7.00k Hypertext links for LaTeX

(c:/Texlive/2021/texmf-dist/tex/generic/ltxcmds/ltxcmds.sty
Package: ltxcmds 2020-05-10 v1.25 LaTeX kernel commands for general use (HO)
)
(c:/Texlive/2021/texmf-dist/tex/generic/pdftexcmds/pdftexcmds.sty
Package: pdftexcmds 2020-06-27 v0.33 Utility functions of pdfTeX for LuaTeX (HO
)

(c:/Texlive/2021/texmf-dist/tex/generic/infwarerr/infwarerr.sty
Package: infwarerr 2019/12/03 v1.5 Providing info/warning/error messages (HO)
)
Package pdftexcmds Info: \pdf@primitive is available.
Package pdftexcmds Info: \pdf@ifprimitive is available.
Package pdftexcmds Info: \pdfdraftmode found.
)
(c:/Texlive/2021/texmf-dist/tex/generic/kvsetkeys/kvsetkeys.sty
Package: kvsetkeys 2019/12/15 v1.18 Key value parser (HO)
)
(c:/Texlive/2021/texmf-dist/tex/generic/kvdefinekeys/kvdefinekeys.sty
Package: kvdefinekeys 2019-12-19 v1.6 Define keys (HO)
)
(c:/Texlive/2021/texmf-dist/tex/generic/pdfescape/pdfescape.sty
Package: pdfescape 2019/12/09 v1.15 Implements pdfTeX's escape features (HO)
)
(c:/Texlive/2021/texmf-dist/tex/latex/hycolor/hycolor.sty
Package: hycolor 2020-01-27 v1.10 Color options for hyperref/bookmark (HO)
)
(c:/Texlive/2021/texmf-dist/tex/latex/letltxmacro/letltxmacro.sty
Package: letltxmacro 2019/12/03 v1.6 Let assignment for LaTeX macros (HO)
)
(c:/Texlive/2021/texmf-dist/tex/latex/auxhook/auxhook.sty
Package: auxhook 2019-12-17 v1.6 Hooks for auxiliary files (HO)
)
(c:/Texlive/2021/texmf-dist/tex/latex/kvoptions/kvoptions.sty
Package: kvoptions 2020-10-07 v3.14 Key value format for package options (HO)
)
\@linkdim=\dimen162
\Hy@linkcounter=\count198
\Hy@pagecounter=\count199

(c:/Texlive/2021/texmf-dist/tex/latex/hyperref/pd1enc.def
File: pd1enc.def 2021-02-27 v7.00k Hyperref: PDFDocEncoding definition (HO)
Now handling font encoding PD1 ...
... no UTF-8 mapping file for font encoding PD1
)
(c:/Texlive/2021/texmf-dist/tex/latex/hyperref/hyperref-langpatches.def
File: hyperref-langpatches.def 2021-02-27 v7.00k Hyperref: patches for babel la
nguages
)
(c:/Texlive/2021/texmf-dist/tex/generic/intcalc/intcalc.sty
Package: intcalc 2019/12/15 v1.3 Expandable calculations with integers (HO)
)
(c:/Texlive/2021/texmf-dist/tex/generic/etexcmds/etexcmds.sty
Package: etexcmds 2019/12/15 v1.7 Avoid name clashes with e-TeX commands (HO)
)
\Hy@SavedSpaceFactor=\count266

(c:/Texlive/2021/texmf-dist/tex/latex/hyperref/puenc.def
File: puenc.def 2021-02-27 v7.00k Hyperref: PDF Unicode definition (HO)
Now handling font encoding PU ...
... no UTF-8 mapping file for font encoding PU
)
Package hyperref Info: Option `bookmarks' set `true' on input line 4073.
Package hyperref Info: Option `colorlinks' set `false' on input line 4073.
Package hyperref Info: Hyper figures OFF on input line 4192.
Package hyperref Info: Link nesting OFF on input line 4197.
Package hyperref Info: Hyper index ON on input line 4200.
Package hyperref Info: Plain pages OFF on input line 4207.
Package hyperref Info: Backreferencing OFF on input line 4212.
Package hyperref Info: Implicit mode ON; LaTeX internals redefined.
Package hyperref Info: Bookmarks ON on input line 4445.
\c@Hy@tempcnt=\count267
LaTeX Info: Redefining \url on input line 4804.
\XeTeXLinkMargin=\dimen163

(c:/Texlive/2021/texmf-dist/tex/generic/bitset/bitset.sty
Package: bitset 2019/12/09 v1.3 Handle bit-vector datatype (HO)

(c:/Texlive/2021/texmf-dist/tex/generic/bigintcalc/bigintcalc.sty
Package: bigintcalc 2019/12/15 v1.5 Expandable calculations on big integers (HO
)
))
\Fld@menulength=\count268
\Field@Width=\dimen164
\Fld@charsize=\dimen165
Package hyperref Info: Hyper figures OFF on input line 6075.
Package hyperref Info: Link nesting OFF on input line 6080.
Package hyperref Info: Hyper index ON on input line 6083.
Package hyperref Info: backreferencing OFF on input line 6090.
Package hyperref Info: Link coloring OFF on input line 6095.
Package hyperref Info: Link coloring with OCG OFF on input line 6100.
Package hyperref Info: PDF/A mode OFF on input line 6105.
LaTeX Info: Redefining \ref on input line 6145.
LaTeX Info: Redefining \pageref on input line 6149.

(c:/Texlive/2021/texmf-dist/tex/latex/base/atbegshi-ltx.sty
Package: atbegshi-ltx 2020/08/17 v1.0a Emulation of the original atbegshi packa
ge
with kernel methods
)
\Hy@abspage=\count269
\c@Item=\count270
\c@Hfootnote=\count271
)
Package hyperref Info: Driver (autodetected): hpdftex.

(c:/Texlive/2021/texmf-dist/tex/latex/hyperref/hpdftex.def
File: hpdftex.def 2021-02-27 v7.00k Hyperref driver for pdfTeX

(c:/Texlive/2021/texmf-dist/tex/latex/base/atveryend-ltx.sty
Package: atveryend-ltx 2020/08/19 v1.0a Emulation of the original atvery packag
e
with kernel methods
)
\Fld@listcount=\count272
\c@bookmark@seq@number=\count273

(c:/Texlive/2021/texmf-dist/tex/latex/rerunfilecheck/rerunfilecheck.sty
Package: rerunfilecheck 2019/12/05 v1.9 Rerun checks for auxiliary files (HO)

(c:/Texlive/2021/texmf-dist/tex/generic/uniquecounter/uniquecounter.sty
Package: uniquecounter 2019/12/15 v1.4 Provide unlimited unique counter (HO)
)
Package uniquecounter Info: New unique counter `rerunfilecheck' on input line 2
86.
)
\Hy@SectionHShift=\skip52
)
(c:/Texlive/2021/texmf-dist/tex/latex/etoolbox/etoolbox.sty
Package: etoolbox 2020/10/05 v2.5k e-TeX tools for LaTeX (JAW)
\etb@tempcnta=\count274
)
(c:/Texlive/2021/texmf-dist/tex/latex/titlesec/titlesec.sty
Package: titlesec 2019/10/16 v2.13 Sectioning titles
\ttl@box=\box54
\beforetitleunit=\skip53
\aftertitleunit=\skip54
\ttl@plus=\dimen166
\ttl@minus=\dimen167
\ttl@toksa=\toks20
\titlewidth=\dimen168
\titlewidthlast=\dimen169
\titlewidthfirst=\dimen170

(c:/Texlive/2021/texmf-dist/tex/latex/titlesec/titleps.sty))
(c:/Texlive/2021/texmf-dist/tex/latex/sectsty/sectsty.sty
Package: sectsty 2002/02/25 v2.0.2 Commands to change all sectional heading sty
les


LaTeX Warning: Command \underbar  has changed.
               Check if current package is valid.


LaTeX Warning: Command \underline  has changed.
               Check if current package is valid.

) (c:/Texlive/2021/texmf-dist/tex/latex/setspace/setspace.sty
Package: setspace 2011/12/19 v6.7a set line spacing
)
(c:/Texlive/2021/texmf-dist/tex/latex/listings/listings.sty
\lst@mode=\count275
\lst@gtempboxa=\box55
\lst@token=\toks21
\lst@length=\count276
\lst@currlwidth=\dimen171
\lst@column=\count277
\lst@pos=\count278
\lst@lostspace=\dimen172
\lst@width=\dimen173
\lst@newlines=\count279
\lst@lineno=\count280
\lst@maxwidth=\dimen174

(c:/Texlive/2021/texmf-dist/tex/latex/listings/lstmisc.sty
File: lstmisc.sty 2020/03/24 1.8d (Carsten Heinz)
\c@lstnumber=\count281
\lst@skipnumbers=\count282
\lst@framebox=\box56
)
(c:/Texlive/2021/texmf-dist/tex/latex/listings/listings.cfg
File: listings.cfg 2020/03/24 1.8d listings configuration
))
Package: listings 2020/03/24 1.8d (Carsten Heinz)

(c:/Texlive/2021/texmf-dist/tex/latex/graphics/color.sty
Package: color 2020/02/24 v1.2b Standard LaTeX Color (DPC)

(c:/Texlive/2021/texmf-dist/tex/latex/graphics-cfg/color.cfg
File: color.cfg 2016/01/02 v1.6 sample color configuration
)
Package color Info: Driver file: pdftex.def on input line 147.
)
(c:/Texlive/2021/texmf-dist/tex/latex/listings/lstlang1.sty
File: lstlang1.sty 2020/03/24 1.8d listings language file
)
(c:/Texlive/2021/texmf-dist/tex/latex/l3backend/l3backend-pdftex.def
File: l3backend-pdftex.def 2021-03-18 L3 backend support: PDF output (pdfTeX)
\l__color_backend_stack_int=\count283
\l__pdf_internal_box=\box57
)
(./report.aux

LaTeX Warning: Label `citation-3-name-here' multiply defined.


LaTeX Warning: Label `citation-3-name-here' multiply defined.


LaTeX Warning: Label `citation-3-name-here' multiply defined.

)
\openout1 = `report.aux'.

LaTeX Font Info:    Checking defaults for OML/cmm/m/it on input line 69.
LaTeX Font Info:    ... okay on input line 69.
LaTeX Font Info:    Checking defaults for OMS/cmsy/m/n on input line 69.
LaTeX Font Info:    ... okay on input line 69.
LaTeX Font Info:    Checking defaults for OT1/cmr/m/n on input line 69.
LaTeX Font Info:    ... okay on input line 69.
LaTeX Font Info:    Checking defaults for T1/cmr/m/n on input line 69.
LaTeX Font Info:    ... okay on input line 69.
LaTeX Font Info:    Checking defaults for TS1/cmr/m/n on input line 69.
LaTeX Font Info:    ... okay on input line 69.
LaTeX Font Info:    Checking defaults for OMX/cmex/m/n on input line 69.
LaTeX Font Info:    ... okay on input line 69.
LaTeX Font Info:    Checking defaults for U/cmr/m/n on input line 69.
LaTeX Font Info:    ... okay on input line 69.
LaTeX Font Info:    Checking defaults for PD1/pdf/m/n on input line 69.
LaTeX Font Info:    ... okay on input line 69.
LaTeX Font Info:    Checking defaults for PU/pdf/m/n on input line 69.
LaTeX Font Info:    ... okay on input line 69.

*geometry* driver: auto-detecting
*geometry* detected driver: pdftex
*geometry* verbose mode - [ preamble ] result:
* driver: pdftex
* paper: a4paper
* layout: <same size as paper>
* layoutoffset:(h,v)=(0.0pt,0.0pt)
* bindingoffset: 14.22636pt
* modes: 
* h-part:(L,W,R)=(72.26999pt, 438.74153pt, 72.26999pt)
* v-part:(T,H,B)=(72.26999pt, 700.50687pt, 72.26999pt)
* \paperwidth=597.50787pt
* \paperheight=845.04684pt
* \textwidth=438.74153pt
* \textheight=700.50687pt
* \oddsidemargin=14.22636pt
* \evensidemargin=0.0pt
* \topmargin=-37.0pt
* \headheight=12.0pt
* \headsep=25.0pt
* \topskip=12.0pt
* \footskip=30.0pt
* \marginparwidth=35.0pt
* \marginparsep=10.0pt
* \columnsep=10.0pt
* \skip\footins=10.8pt plus 4.0pt minus 2.0pt
* \hoffset=0.0pt
* \voffset=0.0pt
* \mag=1000
* \@twocolumnfalse
* \@twosidefalse
* \@mparswitchfalse
* \@reversemarginfalse
* (1in=72.27pt=25.4mm, 1cm=28.453pt)

(c:/Texlive/2021/texmf-dist/tex/context/base/mkii/supp-pdf.mkii
[Loading MPS to PDF converter (version 2006.09.02).]
\scratchcounter=\count284
\scratchdimen=\dimen175
\scratchbox=\box58
\nofMPsegments=\count285
\nofMParguments=\count286
\everyMPshowfont=\toks22
\MPscratchCnt=\count287
\MPscratchDim=\dimen176
\MPnumerator=\count288
\makeMPintoPDFobject=\count289
\everyMPtoPDFconversion=\toks23
) (c:/Texlive/2021/texmf-dist/tex/latex/epstopdf-pkg/epstopdf-base.sty
Package: epstopdf-base 2020-01-24 v2.11 Base part for package epstopdf
Package epstopdf-base Info: Redefining graphics rule for `.eps' on input line 4
85.

(c:/Texlive/2021/texmf-dist/tex/latex/latexconfig/epstopdf-sys.cfg
File: epstopdf-sys.cfg 2010/07/13 v1.3 Configuration of (r)epstopdf for TeX Liv
e
))
Package hyperref Info: Link coloring OFF on input line 69.

(c:/Texlive/2021/texmf-dist/tex/latex/hyperref/nameref.sty
Package: nameref 2021-04-02 v2.47 Cross-referencing by name of section

(c:/Texlive/2021/texmf-dist/tex/latex/refcount/refcount.sty
Package: refcount 2019/12/15 v3.6 Data extraction from label references (HO)
)
(c:/Texlive/2021/texmf-dist/tex/generic/gettitlestring/gettitlestring.sty
Package: gettitlestring 2019/12/15 v1.6 Cleanup title references (HO)
)
\c@section@level=\count290
)
LaTeX Info: Redefining \ref on input line 69.
LaTeX Info: Redefining \pageref on input line 69.
LaTeX Info: Redefining \nameref on input line 69.

(./report.out) (./report.out)
\@outlinefile=\write3
\openout3 = `report.out'.

\c@lstlisting=\count291
<./mit.jpg, id=205, 193.47281pt x 195.73125pt>
File: ./mit.jpg Graphic file (type jpg)
<use ./mit.jpg>
Package pdftex.def Info: ./mit.jpg  used on input line 81.
(pdftex.def)             Requested size: 87.74696pt x 88.77113pt.
LaTeX Font Info:    External font `cmex10' loaded for size
(Font)              <12> on input line 92.
LaTeX Font Info:    External font `cmex10' loaded for size
(Font)              <8> on input line 92.
LaTeX Font Info:    External font `cmex10' loaded for size
(Font)              <6> on input line 92.
 [1

{c:/Texlive/2021/texmf-var/fonts/map/pdftex/updmap/pdftex.map} <./mit.jpg>]
File: ./mit.jpg Graphic file (type jpg)
<use ./mit.jpg>
Package pdftex.def Info: ./mit.jpg  used on input line 121.
(pdftex.def)             Requested size: 87.74696pt x 88.77113pt.

Underfull \hbox (badness 10000) in paragraph at lines 129--134

 []


Underfull \hbox (badness 10000) in paragraph at lines 129--134

 []

pdfTeX warning (ext4): destination with the same identifier (name{page.1}) has 
been already used, duplicate ignored
<to be read again> 
                   \relax 
l.161 {  \newpage
                  {\bfseries \fontsize{14}{12} \selectfont \begin{center}{Ac...
[1]
Underfull \hbox (badness 10000) in paragraph at lines 165--173

 []

[1] (./report.toc [2

])
\tf@toc=\write4
\openout4 = `report.toc'.

 [3] (./report.lof)
\tf@lof=\write5
\openout5 = `report.lof'.

 [4

] (./report.lot)
\tf@lot=\write6
\openout6 = `report.lot'.

 [5

]
Chapter 1.
pdfTeX warning (ext4): destination with the same identifier (name{page.1}) has 
been already used, duplicate ignored
<to be read again> 
                   \relax 
l.219 \newpage
               [1


] [2]
Chapter 2.
[3

] [4] [5] [6] [7] [8] [9] [10]
Chapter 3.
[11

]
<./dfd-0.png, id=388, 596.98032pt x 465.99094pt>
File: ./dfd-0.png Graphic file (type png)
<use ./dfd-0.png>
Package pdftex.def Info: ./dfd-0.png  used on input line 456.
(pdftex.def)             Requested size: 477.5849pt x 372.79324pt.

Overfull \hbox (38.84337pt too wide) in paragraph at lines 456--457
 [][] 
 []

[12 <./dfd-0.PNG>]
<./dfd-1.png, id=396, 453.19313pt x 496.85625pt>
File: ./dfd-1.png Graphic file (type png)
<use ./dfd-1.png>
Package pdftex.def Info: ./dfd-1.png  used on input line 465.
(pdftex.def)             Requested size: 362.555pt x 397.48553pt.
 [13 <./dfd-1.PNG>]
<./entity-relationship.jpg, id=402, 538.26094pt x 477.28313pt>
File: ./entity-relationship.jpg Graphic file (type jpg)
<use ./entity-relationship.jpg>
Package pdftex.def Info: ./entity-relationship.jpg  used on input line 478.
(pdftex.def)             Requested size: 430.60934pt x 381.82701pt.
 [14 <./entity-relationship.jpg>]
<./sequence-diagram.png, id=407, 578.16pt x 428.60126pt>
File: ./sequence-diagram.png Graphic file (type png)
<use ./sequence-diagram.png>
Package pdftex.def Info: ./sequence-diagram.png  used on input line 493.
(pdftex.def)             Requested size: 462.52863pt x 342.88147pt.

Overfull \hbox (23.7871pt too wide) in paragraph at lines 493--494
 [][] 
 []

[15 <./sequence-diagram.png>]
<./models.png, id=413, 532.99126pt x 345.99263pt>
File: ./models.png Graphic file (type png)
<use ./models.png>
Package pdftex.def Info: ./models.png  used on input line 510.
(pdftex.def)             Requested size: 426.39359pt x 276.79446pt.
 [16 <./models.png>]
Chapter 4.
<./waterfall.png, id=418, 1204.5pt x 903.375pt>
File: ./waterfall.png Graphic file (type png)
<use ./waterfall.png>
Package pdftex.def Info: ./waterfall.png  used on input line 531.
(pdftex.def)             Requested size: 240.89574pt x 180.6718pt.
[17

] [18 <./waterfall.png>]
<./methodologies.png, id=431, 1224.575pt x 684.5575pt>
File: ./methodologies.png Graphic file (type png)
<use ./methodologies.png>
Package pdftex.def Info: ./methodologies.png  used on input line 559.
(pdftex.def)             Requested size: 367.37534pt x 205.36882pt.
 [19 <./methodologies.png>] [20]
<./home.jpg, id=441, 748.29562pt x 286.82156pt>
File: ./home.jpg Graphic file (type jpg)
<use ./home.jpg>
Package pdftex.def Info: ./home.jpg  used on input line 584.
(pdftex.def)             Requested size: 448.98083pt x 172.09425pt.

Overfull \hbox (10.2393pt too wide) in paragraph at lines 584--585
 [][] 
 []

[21 <./home.jpg>]
<./books.jpg, id=447, 873.2625pt x 428.35031pt>
File: ./books.jpg Graphic file (type jpg)
<use ./books.jpg>
Package pdftex.def Info: ./books.jpg  used on input line 592.
(pdftex.def)             Requested size: 436.63017pt x 214.17462pt.
 [22 <./books.jpg>]
<./authors.jpg, id=452, 872.50969pt x 400.49625pt>
File: ./authors.jpg Graphic file (type jpg)
<use ./authors.jpg>
Package pdftex.def Info: ./authors.jpg  used on input line 599.
(pdftex.def)             Requested size: 436.25378pt x 200.24763pt.
 [23 <./authors.jpg>]
<./issued.jpg, id=457, 873.2625pt x 341.77687pt>
File: ./issued.jpg Graphic file (type jpg)
<use ./issued.jpg>
Package pdftex.def Info: ./issued.jpg  used on input line 606.
(pdftex.def)             Requested size: 436.63017pt x 170.88802pt.
 [24 <./issued.jpg>]
<./borrowed.jpg, id=463, 875.52094pt x 353.82187pt>
File: ./borrowed.jpg Graphic file (type jpg)
<use ./borrowed.jpg>
Package pdftex.def Info: ./borrowed.jpg  used on input line 613.
(pdftex.def)             Requested size: 437.7594pt x 176.91049pt.

[25 <./borrowed.jpg>]
<./students.jpg, id=468, 877.02657pt x 447.17062pt>
File: ./students.jpg Graphic file (type jpg)
<use ./students.jpg>
Package pdftex.def Info: ./students.jpg  used on input line 621.
(pdftex.def)             Requested size: 438.5122pt x 223.58476pt.
 [26 <./students.jpg>] [27]
<./admin-interface.png, id=477, 747.54282pt x 319.94531pt>
File: ./admin-interface.png Graphic file (type png)
<use ./admin-interface.png>
Package pdftex.def Info: ./admin-interface.png  used on input line 647.
(pdftex.def)             Requested size: 448.52916pt x 191.96866pt.

Overfull \hbox (9.78763pt too wide) in paragraph at lines 647--648
 [][] 
 []

[28 <./admin-interface.PNG>]
<./book-catalog.png, id=483, 1429.59094pt x 581.92406pt>
File: ./book-catalog.png Graphic file (type png)
<use ./book-catalog.png>
Package pdftex.def Info: ./book-catalog.png  used on input line 655.
(pdftex.def)             Requested size: 428.8806pt x 174.57855pt.
 [29 <./book-catalog.PNG>]
<./add-book.png, id=489, 1090.0725pt x 514.92375pt>
File: ./add-book.png Graphic file (type png)
<use ./add-book.png>
Package pdftex.def Info: ./add-book.png  used on input line 663.
(pdftex.def)             Requested size: 436.02127pt x 205.96585pt.
 [30 <./add-book.PNG>]
<./author-add.png, id=496, 810.02625pt x 285.31593pt>
File: ./author-add.png Graphic file (type png)
<use ./author-add.png>
Package pdftex.def Info: ./author-add.png  used on input line 671.
(pdftex.def)             Requested size: 405.01213pt x 142.65761pt.

[31 <./author-add.PNG>]
<./add-member.png, id=502, 739.26187pt x 395.22656pt>
File: ./add-member.png Graphic file (type png)
<use ./add-member.png>
Package pdftex.def Info: ./add-member.png  used on input line 679.
(pdftex.def)             Requested size: 369.63002pt x 197.6128pt.
 [32 <./add-member.PNG>]
<./delete-member.png, id=508, 746.79pt x 318.43968pt>
File: ./delete-member.png Graphic file (type png)
<use ./delete-member.png>
Package pdftex.def Info: ./delete-member.png  used on input line 687.
(pdftex.def)             Requested size: 373.39407pt x 159.21945pt.
 [33 <./delete-member.PNG>]
<./languages.png, id=514, 733.99219pt x 307.1475pt>
File: ./languages.png Graphic file (type png)
<use ./languages.png>
Package pdftex.def Info: ./languages.png  used on input line 695.
(pdftex.def)             Requested size: 366.9952pt x 153.57336pt.

[34 <./languages.PNG>]
<./password-change.png, id=520, 750.55406pt x 380.92313pt>
File: ./password-change.png Graphic file (type png)
<use ./password-change.png>
Package pdftex.def Info: ./password-change.png  used on input line 703.
(pdftex.def)             Requested size: 375.27611pt x 190.46109pt.
 [35 <./password-change.PNG>]
Overfull \hbox (9.49503pt too wide) in paragraph at lines 735--739
\OT1/cmr/m/n/12 MAScript spec-i-fi-ca-tion. JavaScript has curly-bracket syn-ta
x, dy-namic typ-ing, prototype-
 []


Overfull \hbox (1.53456pt too wide) in paragraph at lines 735--739
\OT1/cmr/m/n/12 based ob-jec-to-ri-en-ta-tion, and first-class func-tions.Along
side HTML and CSS, JavaScript
 []

[36]
Overfull \hbox (5.07747pt too wide) in paragraph at lines 739--745
\OT1/cmr/m/n/12 event-driven, func-tional, and im-per-a-tive (in-clud-ing objec
t-oriented and prototype-based)
 []

[37] [38] [39] [40] [41] [42] [43] [44] [45] [46] [47] [48]
Chapter 5.
[49

] [50] [51]
<./testcylce.jpg, id=698, 602.25pt x 451.6875pt>
File: ./testcylce.jpg Graphic file (type jpg)
<use ./testcylce.jpg>
Package pdftex.def Info: ./testcylce.jpg  used on input line 1069.
(pdftex.def)             Requested size: 240.89572pt x 180.67178pt.
 [52 <./testcylce.jpg>] [53] [54] [55] [56] [57] [58] [59]
[60] [61] [62]
Overfull \hbox (25.05687pt too wide) in paragraph at lines 1352--1353
[][][][][][]  
 []


Overfull \hbox (8.50594pt too wide) in paragraph at lines 1358--1360
[][][][][][][][][][][][][][][][][][][][][][][][][][][][][][][][][][][] 
 []

[63] [64] [65] [66] [67]
Chapter 6.
[68

]
Underfull \hbox (badness 10000) in paragraph at lines 1503--1504
[]\OT1/cmr/m/n/12 Project UML Di-a-grams cre-ation, []$\OT1/cmtt/m/n/12 https :
 / / www . visual-[]paradigm . com /
 []

[69


pdfTeX warning (ext4): destination with the same identifier (name{cite.citation
-3-name-here}) has been already used, duplicate ignored
<argument> ...shipout:D \box_use:N \l_shipout_box 
                                                  
l.1512 \end{document}
                     pdfTeX warning (ext4): destination with the same identifie
r (name{cite.citation-3-name-here}) has been already used, duplicate ignored
<argument> ...shipout:D \box_use:N \l_shipout_box 
                                                  
l.1512 \end{document}
                     pdfTeX warning (ext4): destination with the same identifie
r (name{cite.citation-3-name-here}) has been already used, duplicate ignored
<argument> ...shipout:D \box_use:N \l_shipout_box 
                                                  
l.1512 \end{document}
                     ] (./report.aux)

LaTeX Warning: There were multiply-defined labels.

Package rerunfilecheck Info: File `report.out' has not changed.
(rerunfilecheck)             Checksum: 4C2E4DF9F53B2874D05ED24B28F19A39;7324.
 ) 
Here is how much of TeX's memory you used:
 12662 strings out of 478994
 181900 string characters out of 5862207
 726887 words of memory out of 5000000
 29371 multiletter control sequences out of 15000+600000
 408966 words of font info for 46 fonts, out of 8000000 for 9000
 1141 hyphenation exceptions out of 8191
 71i,9n,74p,877b,1874s stack positions out of 5000i,500n,10000p,200000b,80000s
{c:/Texlive/2021/texmf-dist/fonts/enc/dvips/cm-super/cm-super-ts1.enc}<c:/Tex
live/2021/texmf-dist/fonts/type1/public/amsfonts/cm/cmbx10.pfb><c:/Texlive/2021
/texmf-dist/fonts/type1/public/amsfonts/cm/cmbx12.pfb><c:/Texlive/2021/texmf-di
st/fonts/type1/public/amsfonts/cm/cmr12.pfb><c:/Texlive/2021/texmf-dist/fonts/t
ype1/public/amsfonts/cm/cmtt10.pfb><c:/Texlive/2021/texmf-dist/fonts/type1/publ
ic/amsfonts/cm/cmtt12.pfb><c:/Texlive/2021/texmf-dist/fonts/type1/public/cm-sup
er/sfrm1200.pfb>
Output written on report.pdf (76 pages, 1256678 bytes).
PDF statistics:
 1298 PDF objects out of 1440 (max. 8388607)
 1166 compressed objects within 12 object streams
 614 named destinations out of 1000 (max. 500000)
 516 words of extra memory for PDF output out of 10000 (max. 10000000)

