\BOOKMARK [0][-]{chapter.1}{\376\377\000I\000n\000t\000r\000o\000d\000u\000c\000t\000i\000o\000n}{}% 1
\BOOKMARK [1][-]{section.1.1}{\376\377\000K\000e\000y\000\040\000F\000e\000a\000t\000u\000r\000e\000s}{chapter.1}% 2
\BOOKMARK [1][-]{section.1.2}{\376\377\000N\000e\000e\000d\000\040\000f\000o\000r\000\040\000S\000y\000s\000t\000e\000m}{chapter.1}% 3
\BOOKMARK [0][-]{chapter.2}{\376\377\000A\000n\000a\000l\000y\000s\000i\000s}{}% 4
\BOOKMARK [1][-]{section.2.1}{\376\377\000E\000x\000i\000s\000t\000i\000n\000g\000\040\000S\000y\000s\000t\000e\000m}{chapter.2}% 5
\BOOKMARK [1][-]{section.2.2}{\376\377\000P\000r\000o\000p\000o\000s\000e\000d\000\040\000S\000y\000s\000t\000e\000m}{chapter.2}% 6
\BOOKMARK [1][-]{section.2.3}{\376\377\000D\000e\000s\000c\000r\000i\000p\000t\000i\000o\000n}{chapter.2}% 7
\BOOKMARK [1][-]{section.2.4}{\376\377\000I\000n\000f\000o\000r\000m\000a\000t\000i\000o\000n\000\040\000G\000a\000t\000h\000e\000r\000i\000n\000g}{chapter.2}% 8
\BOOKMARK [2][-]{subsection.2.4.1}{\376\377\000I\000n\000f\000o\000r\000m\000a\000t\000i\000o\000n\000\040\000G\000a\000t\000h\000e\000r\000i\000n\000g\000\040\000T\000e\000c\000h\000n\000i\000q\000u\000e\000s}{section.2.4}% 9
\BOOKMARK [1][-]{section.2.5}{\376\377\000F\000e\000a\000s\000i\000b\000i\000l\000i\000t\000y\000\040\000S\000t\000u\000d\000y}{chapter.2}% 10
\BOOKMARK [2][-]{subsection.2.5.1}{\376\377\000O\000p\000e\000r\000a\000t\000i\000o\000n\000a\000l\000\040\000F\000e\000a\000s\000i\000b\000i\000l\000i\000t\000y}{section.2.5}% 11
\BOOKMARK [2][-]{subsection.2.5.2}{\376\377\000T\000e\000c\000h\000n\000i\000c\000a\000l\000\040\000F\000e\000a\000s\000i\000b\000i\000l\000i\000t\000y}{section.2.5}% 12
\BOOKMARK [2][-]{subsection.2.5.3}{\376\377\000E\000c\000o\000n\000o\000m\000i\000c\000a\000l\000\040\000F\000e\000a\000s\000i\000b\000i\000l\000i\000t\000y}{section.2.5}% 13
\BOOKMARK [1][-]{section.2.6}{\376\377\000S\000o\000f\000t\000w\000a\000r\000e\000\040\000a\000n\000d\000\040\000H\000a\000r\000d\000w\000a\000r\000e\000\040\000R\000e\000q\000u\000i\000r\000e\000m\000e\000n\000t\000s}{chapter.2}% 14
\BOOKMARK [2][-]{subsection.2.6.1}{\376\377\000H\000a\000r\000d\000w\000a\000r\000e\000\040\000R\000e\000q\000u\000i\000r\000e\000m\000e\000n\000t\000s}{section.2.6}% 15
\BOOKMARK [2][-]{subsection.2.6.2}{\376\377\000S\000o\000f\000t\000w\000a\000r\000e\000\040\000R\000e\000q\000u\000i\000r\000e\000m\000e\000n\000t\000s}{section.2.6}% 16
\BOOKMARK [1][-]{section.2.7}{\376\377\000S\000c\000o\000p\000e\000\040\000o\000f\000\040\000P\000r\000o\000j\000e\000c\000t}{chapter.2}% 17
\BOOKMARK [2][-]{subsection.2.7.1}{\376\377\000F\000u\000t\000u\000r\000e\000\040\000S\000c\000o\000p\000e}{section.2.7}% 18
\BOOKMARK [0][-]{chapter.3}{\376\377\000S\000y\000s\000t\000e\000m\000\040\000D\000e\000s\000i\000g\000n}{}% 19
\BOOKMARK [1][-]{section.3.1}{\376\377\000D\000a\000t\000a\000\040\000F\000l\000o\000w\000\040\000D\000i\000a\000g\000r\000a\000m}{chapter.3}% 20
\BOOKMARK [2][-]{subsection.3.1.1}{\376\377\000F\000i\000r\000s\000t\000\040\000L\000e\000v\000e\000l\000\040\000D\000F\000D}{section.3.1}% 21
\BOOKMARK [2][-]{subsection.3.1.2}{\376\377\000S\000e\000c\000o\000n\000d\000\040\000L\000e\000v\000e\000l\000\040\000D\000F\000D}{section.3.1}% 22
\BOOKMARK [1][-]{section.3.2}{\376\377\000E\000n\000t\000i\000t\000y\000\040\000R\000e\000l\000a\000t\000i\000o\000n\000s\000h\000i\000p\000\040\000D\000i\000a\000g\000r\000a\000m}{chapter.3}% 23
\BOOKMARK [1][-]{section.3.3}{\376\377\000S\000e\000q\000u\000e\000n\000c\000e\000\040\000D\000i\000a\000g\000r\000a\000m}{chapter.3}% 24
\BOOKMARK [1][-]{section.3.4}{\376\377\000D\000a\000t\000a\000b\000a\000s\000e\000\040\000D\000e\000s\000i\000g\000n}{chapter.3}% 25
\BOOKMARK [0][-]{chapter.4}{\376\377\000I\000m\000p\000l\000e\000m\000e\000n\000t\000a\000t\000i\000o\000n}{}% 26
\BOOKMARK [1][-]{section.4.1}{\376\377\000U\000s\000e\000r\000\040\000I\000n\000t\000e\000r\000f\000a\000c\000e}{chapter.4}% 27
\BOOKMARK [1][-]{section.4.2}{\376\377\000A\000d\000m\000i\000n\000\040\000I\000n\000t\000e\000r\000f\000a\000c\000e}{chapter.4}% 28
\BOOKMARK [1][-]{section.4.3}{\376\377\000T\000e\000c\000h\000n\000o\000l\000o\000g\000i\000e\000s\000\040\000U\000s\000e\000d}{chapter.4}% 29
\BOOKMARK [2][-]{subsection.4.3.1}{\376\377\000F\000r\000o\000n\000t\000\040\000E\000n\000d}{section.4.3}% 30
\BOOKMARK [2][-]{subsection.4.3.2}{\376\377\000B\000a\000c\000k\000e\000n\000d}{section.4.3}% 31
\BOOKMARK [2][-]{subsection.4.3.3}{\376\377\000D\000e\000v\000e\000l\000o\000p\000m\000e\000n\000t\000\040\000T\000o\000o\000l\000s\000\040\000U\000s\000e\000d}{section.4.3}% 32
\BOOKMARK [1][-]{section.4.4}{\376\377\000C\000o\000d\000i\000n\000g}{chapter.4}% 33
\BOOKMARK [2][-]{subsection.4.4.1}{\376\377\000G\000e\000n\000r\000e\000\040\000T\000a\000b\000l\000e\000\040\000C\000o\000d\000e}{section.4.4}% 34
\BOOKMARK [2][-]{subsection.4.4.2}{\376\377\000L\000a\000n\000g\000u\000a\000g\000e\000\040\000T\000a\000b\000l\000e\000\040\000C\000o\000d\000e}{section.4.4}% 35
\BOOKMARK [2][-]{subsection.4.4.3}{\376\377\000B\000o\000o\000k\000\040\000T\000a\000b\000l\000e\000\040\000C\000o\000d\000e}{section.4.4}% 36
\BOOKMARK [2][-]{subsection.4.4.4}{\376\377\000B\000o\000o\000k\000I\000n\000s\000t\000a\000n\000c\000e\000\040\000T\000a\000b\000l\000e\000\040\000C\000o\000d\000e}{section.4.4}% 37
\BOOKMARK [2][-]{subsection.4.4.5}{\376\377\000A\000u\000t\000h\000o\000r\000\040\000T\000a\000b\000l\000e\000\040\000C\000o\000d\000e}{section.4.4}% 38
\BOOKMARK [0][-]{chapter.5}{\376\377\000P\000e\000r\000f\000o\000r\000m\000a\000n\000c\000e\000\040\000E\000v\000a\000l\000u\000a\000t\000i\000o\000n}{}% 39
\BOOKMARK [1][-]{section.5.1}{\376\377\000S\000y\000s\000t\000e\000m\000\040\000T\000e\000s\000t\000i\000n\000g}{chapter.5}% 40
\BOOKMARK [1][-]{section.5.2}{\376\377\000B\000l\000a\000c\000k\000\040\000B\000o\000x\000\040\000T\000e\000s\000t\000i\000n\000g}{chapter.5}% 41
\BOOKMARK [2][-]{subsection.5.2.1}{\376\377\000T\000y\000p\000e\000s\000\040\000o\000f\000\040\000B\000l\000a\000c\000k\000\040\000B\000o\000x\000\040\000T\000e\000s\000t\000i\000n\000g}{section.5.2}% 42
\BOOKMARK [1][-]{section.5.3}{\376\377\000T\000e\000s\000t\000i\000n\000g\000\040\000S\000t\000r\000a\000t\000e\000g\000y}{chapter.5}% 43
\BOOKMARK [2][-]{subsection.5.3.1}{\376\377\000T\000e\000s\000t\000\040\000S\000t\000r\000a\000t\000e\000g\000y\000\040\000D\000o\000c\000u\000m\000e\000n\000t}{section.5.3}% 44
\BOOKMARK [2][-]{subsection.5.3.2}{\376\377\000U\000n\000i\000t\000\040\000T\000e\000s\000t\000i\000n\000g}{section.5.3}% 45
\BOOKMARK [2][-]{subsection.5.3.3}{\376\377\000U\000n\000i\000t\000\040\000T\000e\000s\000t\000\040\000f\000o\000r\000\040\000U\000s\000e\000\040\000C\000a\000s\000e\000s}{section.5.3}% 46
\BOOKMARK [2][-]{subsection.5.3.4}{\376\377\000I\000n\000t\000e\000g\000r\000a\000t\000i\000o\000n\000\040\000T\000e\000s\000t\000i\000n\000g}{section.5.3}% 47
\BOOKMARK [0][-]{chapter.6}{\376\377\000C\000o\000n\000c\000l\000u\000s\000i\000o\000n\000\040\000a\000n\000d\000\040\000F\000u\000t\000u\000r\000e\000\040\000W\000o\000r\000k}{}% 48
\BOOKMARK [1][-]{section.6.1}{\376\377\000F\000u\000t\000u\000r\000e\000\040\000S\000c\000o\000p\000e}{chapter.6}% 49
\BOOKMARK [0][-]{section*.19}{\376\377\000R\000e\000f\000e\000r\000e\000n\000c\000e\000s}{}% 50
